<?xml version="1.0" encoding="UTF-8"?>
<!-- Generated by org.testng.reporters.JUnitReportReporter -->
<testsuite hostname="LAPTOP-EAUKGIIR" failures="0" tests="2" name="com.testngbasicprograms.TestNgAnnotations" time="0.018" errors="0" timestamp="2024-10-23T12:48:11 IST" skipped="0">
  <testcase classname="com.testngbasicprograms.TestNgAnnotations" name="annotation2" time="0.011"/>
  <system-out/>
  <testcase classname="com.testngbasicprograms.TestNgAnnotations" name="annotation" time="0.007"/>
  <system-out/>
</testsuite> <!-- com.testngbasicprograms.TestNgAnnotations -->
