<?xml version="1.0" encoding="UTF-8"?>
<!-- Generated by org.testng.reporters.JUnitReportReporter -->
<testsuite hostname="LAPTOP-EAUKGIIR" failures="0" tests="1" name="com.testngbasicprograms.NewTest" time="0.007" errors="0" timestamp="2024-10-23T12:47:54 IST" skipped="0">
  <testcase classname="com.testngbasicprograms.NewTest" name="f" time="0.007"/>
  <system-out/>
</testsuite> <!-- com.testngbasicprograms.NewTest -->
