<?xml version="1.0" encoding="UTF-8"?>
<!-- Generated by org.testng.reporters.JUnitReportReporter -->
<testsuite hostname="LAPTOP-EAUKGIIR" failures="0" tests="3" name="com.datadriven.FacebookLoginTest" time="92.064" errors="0" timestamp="2024-10-17T17:43:12 IST" skipped="0">
  <testcase classname="com.datadriven.FacebookLoginTest" name="facebooklogin" time="46.896"/>
  <system-out/>
  <testcase classname="com.datadriven.FacebookLoginTest" name="facebooklogin" time="25.532"/>
  <system-out/>
  <testcase classname="com.datadriven.FacebookLoginTest" name="facebooklogin" time="19.636"/>
  <system-out/>
</testsuite> <!-- com.datadriven.FacebookLoginTest -->
